<?xml version="1.0" encoding="UTF-8"?>
<testng-results ignored="0" total="1" passed="1" failed="0" skipped="0">
  <reporter-output>
  </reporter-output>
  <suite started-at="2024-11-25T18:51:36 IST" name="Default suite" finished-at="2024-11-25T18:52:19 IST" duration-ms="43096">
    <groups>
    </groups>
    <test started-at="2024-11-25T18:51:36 IST" name="Default test" finished-at="2024-11-25T18:52:19 IST" duration-ms="43096">
      <class name="pack1.FlipKart">
        <test-method signature="fun()[pri:0, instance:pack1.FlipKart@476b0ae6]" started-at="2024-11-25T18:51:36 IST" name="fun" finished-at="2024-11-25T18:52:19 IST" duration-ms="42994" status="PASS">
          <reporter-output>
          </reporter-output>
        </test-method> <!-- fun -->
      </class> <!-- pack1.FlipKart -->
    </test> <!-- Default test -->
  </suite> <!-- Default suite -->
</testng-results>
